# JRE version: Java(TM) SE Runtime Environment (17.0.12+8) (build 17.0.12+8-LTS-286)
# Java VM: Java HotSpot(TM) 64-Bit Server VM (17.0.12+8-LTS-286, mixed mode, sharing, tiered, compressed oops, compressed class ptrs, g1 gc, windows-amd64)
GC Precious Log:
 CPUs: 12 total, 12 available
 Memory: 7929M
 Large Page Support: Disabled
 NUMA Support: Disabled
 Compressed Oops: Enabled (32-bit)
 Heap Region Size: 1M
 Heap Min Capacity: 8M
 Heap Initial Capacity: 124M
 Heap Max Capacity: 2G
 Pre-touch: Disabled
 Parallel Workers: 10
 Concurrent Workers: 3
 Concurrent Refinement Workers: 10
 Periodic GC: Disabled
Heap:
 garbage-first heap   total 146432K, used 35825K [0x0000000080000000, 0x0000000100000000)
  region size 1024K, 1 young (1024K), 1 survivors (1024K)
 Metaspace       used 38780K, committed 39296K, reserved 1114112K
  class space    used 5236K, committed 5504K, reserved 1048576K
GC Heap History (20 events):
Event: 6.502 GC heap after
{Heap after GC invocations=5 (full 0):
 garbage-first heap   total 126976K, used 24295K [0x0000000080000000, 0x0000000100000000)
  region size 1024K, 3 young (3072K), 3 survivors (3072K)
 Metaspace       used 21162K, committed 21504K, reserved 1114112K
  class space    used 3089K, committed 3264K, reserved 1048576K
}
Event: 7.321 GC heap before
{Heap before GC invocations=6 (full 0):
 garbage-first heap   total 86016K, used 71399K [0x0000000080000000, 0x0000000100000000)
  region size 1024K, 50 young (51200K), 3 survivors (3072K)
 Metaspace       used 27081K, committed 27456K, reserved 1114112K
  class space    used 3954K, committed 4160K, reserved 1048576K
}
Event: 7.325 GC heap after
{Heap after GC invocations=7 (full 0):
 garbage-first heap   total 86016K, used 27422K [0x0000000080000000, 0x0000000100000000)
  region size 1024K, 6 young (6144K), 6 survivors (6144K)
 Metaspace       used 27081K, committed 27456K, reserved 1114112K
  class space    used 3954K, committed 4160K, reserved 1048576K
}
Event: 7.342 GC heap before
{Heap before GC invocations=7 (full 0):
 garbage-first heap   total 86016K, used 28446K [0x0000000080000000, 0x0000000100000000)
  region size 1024K, 7 young (7168K), 6 survivors (6144K)
 Metaspace       used 27228K, committed 27648K, reserved 1114112K
  class space    used 3979K, committed 4224K, reserved 1048576K
}
Event: 7.346 GC heap after
{Heap after GC invocations=8 (full 0):
 garbage-first heap   total 86016K, used 28280K [0x0000000080000000, 0x0000000100000000)
  region size 1024K, 1 young (1024K), 1 survivors (1024K)
 Metaspace       used 27228K, committed 27648K, reserved 1114112K
  class space    used 3979K, committed 4224K, reserved 1048576K
}
Event: 8.036 GC heap before
{Heap before GC invocations=8 (full 0):
 garbage-first heap   total 86016K, used 62072K [0x0000000080000000, 0x0000000100000000)
  region size 1024K, 35 young (35840K), 1 survivors (1024K)
 Metaspace       used 33457K, committed 33920K, reserved 1114112K
  class space    used 4715K, committed 4928K, reserved 1048576K
}
Event: 8.039 GC heap after
{Heap after GC invocations=9 (full 0):
 garbage-first heap   total 86016K, used 31699K [0x0000000080000000, 0x0000000100000000)
  region size 1024K, 5 young (5120K), 5 survivors (5120K)
 Metaspace       used 33457K, committed 33920K, reserved 1114112K
  class space    used 4715K, committed 4928K, reserved 1048576K
}
Event: 8.689 GC heap before
{Heap before GC invocations=9 (full 0):
 garbage-first heap   total 86016K, used 67539K [0x0000000080000000, 0x0000000100000000)
  region size 1024K, 36 young (36864K), 5 survivors (5120K)
 Metaspace       used 35535K, committed 35968K, reserved 1114112K
  class space    used 4897K, committed 5120K, reserved 1048576K
}
Event: 8.693 GC heap after
{Heap after GC invocations=10 (full 0):
 garbage-first heap   total 86016K, used 33716K [0x0000000080000000, 0x0000000100000000)
  region size 1024K, 3 young (3072K), 3 survivors (3072K)
 Metaspace       used 35535K, committed 35968K, reserved 1114112K
  class space    used 4897K, committed 5120K, reserved 1048576K
}
Event: 8.724 GC heap before
{Heap before GC invocations=10 (full 0):
 garbage-first heap   total 86016K, used 34740K [0x0000000080000000, 0x0000000100000000)
  region size 1024K, 5 young (5120K), 3 survivors (3072K)
 Metaspace       used 35554K, committed 36096K, reserved 1114112K
  class space    used 4897K, committed 5120K, reserved 1048576K
}
Event: 8.726 GC heap after
{Heap after GC invocations=11 (full 0):
 garbage-first heap   total 86016K, used 34557K [0x0000000080000000, 0x0000000100000000)
  region size 1024K, 1 young (1024K), 1 survivors (1024K)
 Metaspace       used 35554K, committed 36096K, reserved 1114112K
  class space    used 4897K, committed 5120K, reserved 1048576K
}
Event: 9.322 GC heap before
{Heap before GC invocations=12 (full 0):
 garbage-first heap   total 86016K, used 65277K [0x0000000080000000, 0x0000000100000000)
  region size 1024K, 29 young (29696K), 1 survivors (1024K)
 Metaspace       used 38750K, committed 39296K, reserved 1114112K
  class space    used 5233K, committed 5504K, reserved 1048576K
}
Event: 10.328 GC heap after
{Heap after GC invocations=13 (full 0):
 garbage-first heap   total 146432K, used 35735K [0x0000000080000000, 0x0000000100000000)
  region size 1024K, 2 young (2048K), 2 survivors (2048K)
 Metaspace       used 38750K, committed 39296K, reserved 1114112K
  class space    used 5233K, committed 5504K, reserved 1048576K
}
Event: 10.346 GC heap before
{Heap before GC invocations=13 (full 0):
 garbage-first heap   total 146432K, used 40855K [0x0000000080000000, 0x0000000100000000)
  region size 1024K, 7 young (7168K), 2 survivors (2048K)
 Metaspace       used 38750K, committed 39296K, reserved 1114112K
  class space    used 5233K, committed 5504K, reserved 1048576K
}
Event: 10.350 GC heap after
{Heap after GC invocations=14 (full 0):
 garbage-first heap   total 146432K, used 35887K [0x0000000080000000, 0x0000000100000000)
  region size 1024K, 1 young (1024K), 1 survivors (1024K)
 Metaspace       used 38750K, committed 39296K, reserved 1114112K
  class space    used 5233K, committed 5504K, reserved 1048576K
}
Event: 10.369 GC heap before
{Heap before GC invocations=14 (full 0):
 garbage-first heap   total 146432K, used 42031K [0x0000000080000000, 0x0000000100000000)
  region size 1024K, 7 young (7168K), 1 survivors (1024K)
 Metaspace       used 38750K, committed 39296K, reserved 1114112K
  class space    used 5233K, committed 5504K, reserved 1048576K
}
Event: 10.370 GC heap after
{Heap after GC invocations=15 (full 0):
 garbage-first heap   total 146432K, used 35780K [0x0000000080000000, 0x0000000100000000)
  region size 1024K, 1 young (1024K), 1 survivors (1024K)
 Metaspace       used 38750K, committed 39296K, reserved 1114112K
  class space    used 5233K, committed 5504K, reserved 1048576K
}
Event: 10.387 GC heap before
{Heap before GC invocations=15 (full 0):
 garbage-first heap   total 146432K, used 41924K [0x0000000080000000, 0x0000000100000000)
  region size 1024K, 7 young (7168K), 1 survivors (1024K)
 Metaspace       used 38750K, committed 39296K, reserved 1114112K
  class space    used 5233K, committed 5504K, reserved 1048576K
}
Event: 10.388 GC heap after
{Heap after GC invocations=16 (full 0):
 garbage-first heap   total 146432K, used 35732K [0x0000000080000000, 0x0000000100000000)
  region size 1024K, 1 young (1024K), 1 survivors (1024K)
 Metaspace       used 38750K, committed 39296K, reserved 1114112K
  class space    used 5233K, committed 5504K, reserved 1048576K
}
Event: 10.416 GC heap before
{Heap before GC invocations=16 (full 0):
 garbage-first heap   total 146432K, used 41876K [0x0000000080000000, 0x0000000100000000)
  region size 1024K, 7 young (7168K), 1 survivors (1024K)
 Metaspace       used 38780K, committed 39296K, reserved 1114112K
  class space    used 5236K, committed 5504K, reserved 1048576K
}

