# JRE version: Java(TM) SE Runtime Environment (17.0.12+8) (build 17.0.12+8-LTS-286)
# Java VM: Java HotSpot(TM) 64-Bit Server VM (17.0.12+8-LTS-286, mixed mode, sharing, tiered, compressed oops, compressed class ptrs, g1 gc, windows-amd64)
GC Precious Log:
 CPUs: 12 total, 12 available
 Memory: 7929M
 Large Page Support: Disabled
 NUMA Support: Disabled
 Compressed Oops: Enabled (32-bit)
 Heap Region Size: 1M
 Heap Min Capacity: 8M
 Heap Initial Capacity: 124M
 Heap Max Capacity: 2G
 Pre-touch: Disabled
 Parallel Workers: 10
 Concurrent Workers: 3
 Concurrent Refinement Workers: 10
 Periodic GC: Disabled
Heap:
 garbage-first heap   total 103424K, used 56949K [0x0000000080000000, 0x0000000100000000)
  region size 1024K, 20 young (20480K), 4 survivors (4096K)
 Metaspace       used 49086K, committed 49728K, reserved 1114112K
  class space    used 6857K, committed 7168K, reserved 1048576K
GC Heap History (20 events):
Event: 3.211 GC heap before
{Heap before GC invocations=4 (full 0):
 garbage-first heap   total 126976K, used 53600K [0x0000000080000000, 0x0000000100000000)
  region size 1024K, 42 young (43008K), 10 survivors (10240K)
 Metaspace       used 21101K, committed 21504K, reserved 1114112K
  class space    used 3081K, committed 3264K, reserved 1048576K
}
Event: 3.218 GC heap after
{Heap after GC invocations=5 (full 0):
 garbage-first heap   total 126976K, used 24159K [0x0000000080000000, 0x0000000100000000)
  region size 1024K, 3 young (3072K), 3 survivors (3072K)
 Metaspace       used 21101K, committed 21504K, reserved 1114112K
  class space    used 3081K, committed 3264K, reserved 1048576K
}
Event: 3.909 GC heap before
{Heap before GC invocations=6 (full 0):
 garbage-first heap   total 86016K, used 71263K [0x0000000080000000, 0x0000000100000000)
  region size 1024K, 50 young (51200K), 3 survivors (3072K)
 Metaspace       used 26987K, committed 27392K, reserved 1114112K
  class space    used 3941K, committed 4160K, reserved 1048576K
}
Event: 3.914 GC heap after
{Heap after GC invocations=7 (full 0):
 garbage-first heap   total 103424K, used 27285K [0x0000000080000000, 0x0000000100000000)
  region size 1024K, 6 young (6144K), 6 survivors (6144K)
 Metaspace       used 26987K, committed 27392K, reserved 1114112K
  class space    used 3941K, committed 4160K, reserved 1048576K
}
Event: 3.938 GC heap before
{Heap before GC invocations=7 (full 0):
 garbage-first heap   total 103424K, used 28309K [0x0000000080000000, 0x0000000100000000)
  region size 1024K, 7 young (7168K), 6 survivors (6144K)
 Metaspace       used 27135K, committed 27520K, reserved 1114112K
  class space    used 3967K, committed 4160K, reserved 1048576K
}
Event: 3.942 GC heap after
{Heap after GC invocations=8 (full 0):
 garbage-first heap   total 103424K, used 27522K [0x0000000080000000, 0x0000000100000000)
  region size 1024K, 1 young (1024K), 1 survivors (1024K)
 Metaspace       used 27135K, committed 27520K, reserved 1114112K
  class space    used 3967K, committed 4160K, reserved 1048576K
}
Event: 4.653 GC heap before
{Heap before GC invocations=8 (full 0):
 garbage-first heap   total 103424K, used 75650K [0x0000000080000000, 0x0000000100000000)
  region size 1024K, 49 young (50176K), 1 survivors (1024K)
 Metaspace       used 33667K, committed 34112K, reserved 1114112K
  class space    used 4727K, committed 4928K, reserved 1048576K
}
Event: 4.656 GC heap after
{Heap after GC invocations=9 (full 0):
 garbage-first heap   total 103424K, used 32555K [0x0000000080000000, 0x0000000100000000)
  region size 1024K, 6 young (6144K), 6 survivors (6144K)
 Metaspace       used 33667K, committed 34112K, reserved 1114112K
  class space    used 4727K, committed 4928K, reserved 1048576K
}
Event: 4.970 GC heap before
{Heap before GC invocations=9 (full 0):
 garbage-first heap   total 103424K, used 57131K [0x0000000080000000, 0x0000000100000000)
  region size 1024K, 27 young (27648K), 6 survivors (6144K)
 Metaspace       used 35599K, committed 35968K, reserved 1114112K
  class space    used 4900K, committed 5056K, reserved 1048576K
}
Event: 4.974 GC heap after
{Heap after GC invocations=10 (full 0):
 garbage-first heap   total 103424K, used 33895K [0x0000000080000000, 0x0000000100000000)
  region size 1024K, 3 young (3072K), 3 survivors (3072K)
 Metaspace       used 35599K, committed 35968K, reserved 1114112K
  class space    used 4900K, committed 5056K, reserved 1048576K
}
Event: 5.532 GC heap before
{Heap before GC invocations=11 (full 0):
 garbage-first heap   total 103424K, used 77927K [0x0000000080000000, 0x0000000100000000)
  region size 1024K, 45 young (46080K), 3 survivors (3072K)
 Metaspace       used 38687K, committed 39232K, reserved 1114112K
  class space    used 5218K, committed 5504K, reserved 1048576K
}
Event: 5.535 GC heap after
{Heap after GC invocations=12 (full 0):
 garbage-first heap   total 103424K, used 36017K [0x0000000080000000, 0x0000000100000000)
  region size 1024K, 5 young (5120K), 5 survivors (5120K)
 Metaspace       used 38687K, committed 39232K, reserved 1114112K
  class space    used 5218K, committed 5504K, reserved 1048576K
}
Event: 5.537 GC heap before
{Heap before GC invocations=12 (full 0):
 garbage-first heap   total 103424K, used 37041K [0x0000000080000000, 0x0000000100000000)
  region size 1024K, 6 young (6144K), 5 survivors (5120K)
 Metaspace       used 38687K, committed 39232K, reserved 1114112K
  class space    used 5218K, committed 5504K, reserved 1048576K
}
Event: 5.540 GC heap after
{Heap after GC invocations=13 (full 0):
 garbage-first heap   total 103424K, used 36109K [0x0000000080000000, 0x0000000100000000)
  region size 1024K, 1 young (1024K), 1 survivors (1024K)
 Metaspace       used 38687K, committed 39232K, reserved 1114112K
  class space    used 5218K, committed 5504K, reserved 1048576K
}
Event: 6.635 GC heap before
{Heap before GC invocations=13 (full 0):
 garbage-first heap   total 103424K, used 79117K [0x0000000080000000, 0x0000000100000000)
  region size 1024K, 43 young (44032K), 1 survivors (1024K)
 Metaspace       used 42514K, committed 43200K, reserved 1114112K
  class space    used 5820K, committed 6144K, reserved 1048576K
}
Event: 6.637 GC heap after
{Heap after GC invocations=14 (full 0):
 garbage-first heap   total 103424K, used 37709K [0x0000000080000000, 0x0000000100000000)
  region size 1024K, 3 young (3072K), 3 survivors (3072K)
 Metaspace       used 42514K, committed 43200K, reserved 1114112K
  class space    used 5820K, committed 6144K, reserved 1048576K
}
Event: 8.029 GC heap before
{Heap before GC invocations=14 (full 0):
 garbage-first heap   total 103424K, used 79693K [0x0000000080000000, 0x0000000100000000)
  region size 1024K, 44 young (45056K), 3 survivors (3072K)
 Metaspace       used 44380K, committed 44928K, reserved 1114112K
  class space    used 6123K, committed 6400K, reserved 1048576K
}
Event: 8.037 GC heap after
{Heap after GC invocations=15 (full 0):
 garbage-first heap   total 103424K, used 39357K [0x0000000080000000, 0x0000000100000000)
  region size 1024K, 4 young (4096K), 4 survivors (4096K)
 Metaspace       used 44380K, committed 44928K, reserved 1114112K
  class space    used 6123K, committed 6400K, reserved 1048576K
}
Event: 9.272 GC heap before
{Heap before GC invocations=15 (full 0):
 garbage-first heap   total 103424K, used 81341K [0x0000000080000000, 0x0000000100000000)
  region size 1024K, 45 young (46080K), 4 survivors (4096K)
 Metaspace       used 47525K, committed 48128K, reserved 1114112K
  class space    used 6639K, committed 6912K, reserved 1048576K
}
Event: 9.280 GC heap after
{Heap after GC invocations=16 (full 0):
 garbage-first heap   total 103424K, used 41589K [0x0000000080000000, 0x0000000100000000)
  region size 1024K, 4 young (4096K), 4 survivors (4096K)
 Metaspace       used 47525K, committed 48128K, reserved 1114112K
  class space    used 6639K, committed 6912K, reserved 1048576K
}

